app/build/intermediates/manifest_merge_blame_file/debug/manifest-merger-blame-debug-report.txt
1<?xml version="1.0" encoding="utf-8"?>
2<manifest xmlns:android="http://schemas.android.com/apk/res/android"
3    package="io.artcreativity.monpremierprojet"
4    android:versionCode="1"
5    android:versionName="1.0" >
6
7    <uses-sdk
8        android:minSdkVersion="21"
8-->src\main\AndroidManifest.xml
9        android:targetSdkVersion="31" />
9-->src\main\AndroidManifest.xml
10
11    <application
11-->src\main\AndroidManifest.xml:5:5-35:19
12        android:allowBackup="true"
12-->src\main\AndroidManifest.xml:6:9-35
13        android:appComponentFactory="androidx.core.app.CoreComponentFactory"
13-->[androidx.core:core:1.5.0] AndroidManifest.xml:24:18-86
14        android:debuggable="true"
15        android:icon="@mipmap/ic_launcher"
15-->src\main\AndroidManifest.xml:7:9-43
16        android:label="@string/app_name"
16-->src\main\AndroidManifest.xml:8:9-41
17        android:roundIcon="@mipmap/ic_launcher_round"
17-->src\main\AndroidManifest.xml:9:9-54
18        android:supportsRtl="true"
18-->src\main\AndroidManifest.xml:10:9-35
19        android:theme="@style/Theme.MonPremierProjet" >
19-->src\main\AndroidManifest.xml:11:9-54
20        <activity
20-->src\main\AndroidManifest.xml:12:9-22:20
21            android:name="io.artcreativity.monpremierprojet.ProductActivity"
21-->src\main\AndroidManifest.xml:13:13-44
22            android:exported="true"
22-->src\main\AndroidManifest.xml:14:13-36
23            android:label="@string/title_activity_product"
23-->src\main\AndroidManifest.xml:15:13-59
24            android:theme="@style/Theme.MonPremierProjet.NoActionBar" >
24-->src\main\AndroidManifest.xml:16:13-70
25            <intent-filter>
25-->src\main\AndroidManifest.xml:17:13-21:29
26                <action android:name="android.intent.action.MAIN" />
26-->src\main\AndroidManifest.xml:18:17-69
26-->src\main\AndroidManifest.xml:18:25-66
27
28                <category android:name="android.intent.category.LAUNCHER" />
28-->src\main\AndroidManifest.xml:20:17-77
28-->src\main\AndroidManifest.xml:20:27-74
29            </intent-filter>
30        </activity>
31        <activity
31-->src\main\AndroidManifest.xml:23:9-25:39
32            android:name="io.artcreativity.monpremierprojet.ProductDetailActivity"
32-->src\main\AndroidManifest.xml:24:13-50
33            android:exported="true" />
33-->src\main\AndroidManifest.xml:25:13-36
34        <activity
34-->src\main\AndroidManifest.xml:26:9-34:20
35            android:name="io.artcreativity.monpremierprojet.MainActivity"
35-->src\main\AndroidManifest.xml:27:13-41
36            android:exported="true" >
36-->src\main\AndroidManifest.xml:28:13-36
37            <intent-filter>
37-->src\main\AndroidManifest.xml:17:13-21:29
38                <action android:name="android.intent.action.MAIN" />
38-->src\main\AndroidManifest.xml:18:17-69
38-->src\main\AndroidManifest.xml:18:25-66
39
40                <category android:name="android.intent.category.LAUNCHER" />
40-->src\main\AndroidManifest.xml:20:17-77
40-->src\main\AndroidManifest.xml:20:27-74
41            </intent-filter>
42        </activity>
43
44        <service
44-->[androidx.room:room-runtime:2.4.0-beta02] AndroidManifest.xml:25:9-28:40
45            android:name="androidx.room.MultiInstanceInvalidationService"
45-->[androidx.room:room-runtime:2.4.0-beta02] AndroidManifest.xml:26:13-74
46            android:directBootAware="true"
46-->[androidx.room:room-runtime:2.4.0-beta02] AndroidManifest.xml:27:13-43
47            android:exported="false" />
47-->[androidx.room:room-runtime:2.4.0-beta02] AndroidManifest.xml:28:13-37
48    </application>
49
50</manifest>